9.7446 	INFO 	Loaded monitor calibration from ['2026_04_24 16:13']
9.7574 	WARNING 	User requested fullscreen with size [1280  800], but screen is actually [1920, 1200]. Using actual size
11.0133 	INFO 	Using renderer 'Intel(R) Arc(TM) 140T GPU (32GB)' for graphics
11.0133 	INFO 	OpenGL version supported by driver is 4..
11.0627 	EXP 	Created window1 = Window(allowGUI=True, allowStencil=False, autoLog=True, backendConf=UNKNOWN, backgroundFit=<method-wrapper '__getattribute__' of attributeSetter object at 0x000002322C8E6830>, backgroundImage=<method-wrapper '__getattribute__' of attributeSetter object at 0x000002322C8E6770>, bitsMode=UNKNOWN, blendMode='avg', bpc=(8, 8, 8), color=array([-1., -1., -1.]), colorSpace='rgb', depthBits=8, fullscr=True, gamma=None, gammaErrorPolicy='raise', infoMsg=UNKNOWN, lms=UNKNOWN, monitor=<psychopy.monitors.calibTools.Monitor object at 0x0000023232E3C250>, multiSample=False, name='window1', numSamples=2, pos=[np.float64(0.0), np.float64(0.0)], screen=1, size=array([1920, 1200]), stencilBits=0, stereo=False, title='PsychoPy', units='height', useFBO=True, useRetina=False, viewOri=0.0, viewPos=None, viewScale=None, waitBlanking=True, winType='pyglet')
11.0628 	EXP 	window1: backgroundImage = ''
11.0628 	EXP 	window1: backgroundFit = 'none'
11.0819 	DEBUG 	TextBox2 loaded 1 chars with 0 blanks and 1 valid
11.0930 	DEBUG 	TextBox2 loaded 1 chars with 0 blanks and 1 valid
11.1042 	DEBUG 	TextBox2 loaded 1 chars with 0 blanks and 1 valid
11.1156 	DEBUG 	TextBox2 loaded 1 chars with 0 blanks and 1 valid
11.1268 	DEBUG 	TextBox2 loaded 1 chars with 0 blanks and 1 valid
11.1370 	DEBUG 	TextBox2 loaded 1 chars with 0 blanks and 1 valid
11.1493 	DEBUG 	TextBox2 loaded 1 chars with 0 blanks and 1 valid
11.1603 	DEBUG 	TextBox2 loaded 1 chars with 0 blanks and 1 valid
11.1709 	DEBUG 	TextBox2 loaded 1 chars with 0 blanks and 1 valid
11.1835 	DEBUG 	TextBox2 loaded 1 chars with 0 blanks and 1 valid
11.1953 	DEBUG 	TextBox2 loaded 1 chars with 0 blanks and 1 valid
11.2070 	DEBUG 	TextBox2 loaded 1 chars with 0 blanks and 1 valid
11.2188 	DEBUG 	TextBox2 loaded 1 chars with 0 blanks and 1 valid
11.2328 	DEBUG 	TextBox2 loaded 1 chars with 0 blanks and 1 valid
11.2460 	DEBUG 	TextBox2 loaded 1 chars with 0 blanks and 1 valid
11.2578 	DEBUG 	TextBox2 loaded 1 chars with 0 blanks and 1 valid
11.2690 	DEBUG 	TextBox2 loaded 1 chars with 0 blanks and 1 valid
11.2695 	DEBUG 	Uploading Texture Font fontname to graphics card
11.2852 	DEBUG 	Upload of Texture Font fontname complete
11.3017 	DEBUG 	TextBox2 loaded 1 chars with 0 blanks and 1 valid
11.3132 	DEBUG 	TextBox2 loaded 1 chars with 0 blanks and 1 valid
11.3244 	DEBUG 	TextBox2 loaded 1 chars with 0 blanks and 1 valid
11.3248 	DEBUG 	Uploading Texture Font fontname to graphics card
11.3308 	DEBUG 	Upload of Texture Font fontname complete
11.3326 	EXP 	window1: Attempting to measure frame rate of screen (1) ...
11.3327 	EXP 	window1: recordFrameIntervals = False
11.4640 	EXP 	window1: recordFrameIntervals = True
13.1323 	EXP 	window1: recordFrameIntervals = False
13.1323 	EXP 	Screen (1) actual frame rate measured at 60.18Hz
13.2285 	INFO 	keyboard.Keyboard is using ptb backend.
17.3826 	EXP 	maxForce: status = STARTED
19.3143 	EXP 	Created unnamed Circle = Circle(__class__=<class 'psychopy.visual.circle.Circle'>, anchor=('center', 'center'), autoDraw=False, autoLog=True, closeShape=True, color=method-wrapper(...), colorSpace='rgb255', contrast=None, depth=0, draggable=False, fillColor=array([128, 128, 128]), fillColorSpace='rgb255', fillRGB=array([0.00392157, 0.00392157, 0.00392157]), interpolate=True, lineColor=array([128., 128., 128.]), lineColorSpace='rgb255', lineRGB=array([0, 0, 0]), lineWidth=1.5, name='unnamed Circle', opacity=1, ori=0.0, pos=array([4.25000000e-01, 9.18485099e-18]), size=array([1., 1.]), units='height', vertices=ndarray(...), win=Window(...), windingRule=None)
19.3233 	EXP 	Created unnamed Circle = Circle(__class__=<class 'psychopy.visual.circle.Circle'>, anchor=('center', 'center'), autoDraw=False, autoLog=True, closeShape=True, color=method-wrapper(...), colorSpace='rgb255', contrast=None, depth=0, draggable=False, fillColor=array([128, 128, 128]), fillColorSpace='rgb255', fillRGB=array([0.00392157, 0.00392157, 0.00392157]), interpolate=True, lineColor=array([128., 128., 128.]), lineColorSpace='rgb255', lineRGB=array([0, 0, 0]), lineWidth=1.5, name='unnamed Circle', opacity=1, ori=0.0, pos=array([0.44696699, 0.05303301]), size=array([1., 1.]), units='height', vertices=ndarray(...), win=Window(...), windingRule=None)
19.3323 	EXP 	Created unnamed Circle = Circle(__class__=<class 'psychopy.visual.circle.Circle'>, anchor=('center', 'center'), autoDraw=False, autoLog=True, closeShape=True, color=method-wrapper(...), colorSpace='rgb255', contrast=None, depth=0, draggable=False, fillColor=array([128, 128, 128]), fillColorSpace='rgb255', fillRGB=array([0.00392157, 0.00392157, 0.00392157]), interpolate=True, lineColor=array([128., 128., 128.]), lineColorSpace='rgb255', lineRGB=array([0, 0, 0]), lineWidth=1.5, name='unnamed Circle', opacity=1, ori=0.0, pos=array([0.5  , 0.075]), size=array([1., 1.]), units='height', vertices=ndarray(...), win=Window(...), windingRule=None)
19.3416 	EXP 	Created unnamed Circle = Circle(__class__=<class 'psychopy.visual.circle.Circle'>, anchor=('center', 'center'), autoDraw=False, autoLog=True, closeShape=True, color=method-wrapper(...), colorSpace='rgb255', contrast=None, depth=0, draggable=False, fillColor=array([128, 128, 128]), fillColorSpace='rgb255', fillRGB=array([0.00392157, 0.00392157, 0.00392157]), interpolate=True, lineColor=array([128., 128., 128.]), lineColorSpace='rgb255', lineRGB=array([0, 0, 0]), lineWidth=1.5, name='unnamed Circle', opacity=1, ori=0.0, pos=array([0.55303301, 0.05303301]), size=array([1., 1.]), units='height', vertices=ndarray(...), win=Window(...), windingRule=None)
19.3524 	EXP 	Created unnamed Circle = Circle(__class__=<class 'psychopy.visual.circle.Circle'>, anchor=('center', 'center'), autoDraw=False, autoLog=True, closeShape=True, color=method-wrapper(...), colorSpace='rgb255', contrast=None, depth=0, draggable=False, fillColor=array([128, 128, 128]), fillColorSpace='rgb255', fillRGB=array([0.00392157, 0.00392157, 0.00392157]), interpolate=True, lineColor=array([128., 128., 128.]), lineColorSpace='rgb255', lineRGB=array([0, 0, 0]), lineWidth=1.5, name='unnamed Circle', opacity=1, ori=0.0, pos=array([0.575, 0.   ]), size=array([1., 1.]), units='height', vertices=ndarray(...), win=Window(...), windingRule=None)
19.3642 	EXP 	Created unnamed Circle = Circle(__class__=<class 'psychopy.visual.circle.Circle'>, anchor=('center', 'center'), autoDraw=False, autoLog=True, closeShape=True, color=method-wrapper(...), colorSpace='rgb255', contrast=None, depth=0, draggable=False, fillColor=array([128, 128, 128]), fillColorSpace='rgb255', fillRGB=array([0.00392157, 0.00392157, 0.00392157]), interpolate=True, lineColor=array([128., 128., 128.]), lineColorSpace='rgb255', lineRGB=array([0, 0, 0]), lineWidth=1.5, name='unnamed Circle', opacity=1, ori=0.0, pos=array([ 0.55303301, -0.05303301]), size=array([1., 1.]), units='height', vertices=ndarray(...), win=Window(...), windingRule=None)
19.3744 	EXP 	Created unnamed Circle = Circle(__class__=<class 'psychopy.visual.circle.Circle'>, anchor=('center', 'center'), autoDraw=False, autoLog=True, closeShape=True, color=method-wrapper(...), colorSpace='rgb255', contrast=None, depth=0, draggable=False, fillColor=array([128, 128, 128]), fillColorSpace='rgb255', fillRGB=array([0.00392157, 0.00392157, 0.00392157]), interpolate=True, lineColor=array([128., 128., 128.]), lineColorSpace='rgb255', lineRGB=array([0, 0, 0]), lineWidth=1.5, name='unnamed Circle', opacity=1, ori=0.0, pos=array([ 0.5  , -0.075]), size=array([1., 1.]), units='height', vertices=ndarray(...), win=Window(...), windingRule=None)
19.3839 	EXP 	Created unnamed Circle = Circle(__class__=<class 'psychopy.visual.circle.Circle'>, anchor=('center', 'center'), autoDraw=False, autoLog=True, closeShape=True, color=method-wrapper(...), colorSpace='rgb255', contrast=None, depth=0, draggable=False, fillColor=array([128, 128, 128]), fillColorSpace='rgb255', fillRGB=array([0.00392157, 0.00392157, 0.00392157]), interpolate=True, lineColor=array([128., 128., 128.]), lineColorSpace='rgb255', lineRGB=array([0, 0, 0]), lineWidth=1.5, name='unnamed Circle', opacity=1, ori=0.0, pos=array([ 0.44696699, -0.05303301]), size=array([1., 1.]), units='height', vertices=ndarray(...), win=Window(...), windingRule=None)
19.4875 	EXP 	Created unnamed TextStim = TextStim(__class__=<class 'psychopy.visual.text.TextStim'>, alignHoriz=method-wrapper(...), alignText='center', alignVert=method-wrapper(...), anchorHoriz='center', anchorVert='center', antialias=True, autoDraw=False, autoLog=True, bold=True, color=array([1., 1., 1.]), colorSpace='rgb', contrast=1.0, depth=0, draggable=False, flipHoriz=False, flipVert=False, font='', fontFiles=[], height=np.float64(0.02), italic=False, languageStyle='LTR', name='unnamed TextStim', opacity=1.0, ori=0.0, pos=array([4.25000000e-01, 9.18485099e-18]), rgb=UNKNOWN, text='0', units='height', win=Window(...), wrapWidth=1)
19.4900 	EXP 	Created unnamed TextStim = TextStim(__class__=<class 'psychopy.visual.text.TextStim'>, alignHoriz=method-wrapper(...), alignText='center', alignVert=method-wrapper(...), anchorHoriz='center', anchorVert='center', antialias=True, autoDraw=False, autoLog=True, bold=True, color=array([1., 1., 1.]), colorSpace='rgb', contrast=1.0, depth=0, draggable=False, flipHoriz=False, flipVert=False, font='', fontFiles=[], height=np.float64(0.02), italic=False, languageStyle='LTR', name='unnamed TextStim', opacity=1.0, ori=0.0, pos=array([0.44696699, 0.05303301]), rgb=UNKNOWN, text='1', units='height', win=Window(...), wrapWidth=1)
19.4925 	EXP 	Created unnamed TextStim = TextStim(__class__=<class 'psychopy.visual.text.TextStim'>, alignHoriz=method-wrapper(...), alignText='center', alignVert=method-wrapper(...), anchorHoriz='center', anchorVert='center', antialias=True, autoDraw=False, autoLog=True, bold=True, color=array([1., 1., 1.]), colorSpace='rgb', contrast=1.0, depth=0, draggable=False, flipHoriz=False, flipVert=False, font='', fontFiles=[], height=np.float64(0.02), italic=False, languageStyle='LTR', name='unnamed TextStim', opacity=1.0, ori=0.0, pos=array([0.5  , 0.075]), rgb=UNKNOWN, text='2', units='height', win=Window(...), wrapWidth=1)
19.4948 	EXP 	Created unnamed TextStim = TextStim(__class__=<class 'psychopy.visual.text.TextStim'>, alignHoriz=method-wrapper(...), alignText='center', alignVert=method-wrapper(...), anchorHoriz='center', anchorVert='center', antialias=True, autoDraw=False, autoLog=True, bold=True, color=array([1., 1., 1.]), colorSpace='rgb', contrast=1.0, depth=0, draggable=False, flipHoriz=False, flipVert=False, font='', fontFiles=[], height=np.float64(0.02), italic=False, languageStyle='LTR', name='unnamed TextStim', opacity=1.0, ori=0.0, pos=array([0.55303301, 0.05303301]), rgb=UNKNOWN, text='3', units='height', win=Window(...), wrapWidth=1)
19.4981 	EXP 	Created unnamed TextStim = TextStim(__class__=<class 'psychopy.visual.text.TextStim'>, alignHoriz=method-wrapper(...), alignText='center', alignVert=method-wrapper(...), anchorHoriz='center', anchorVert='center', antialias=True, autoDraw=False, autoLog=True, bold=True, color=array([1., 1., 1.]), colorSpace='rgb', contrast=1.0, depth=0, draggable=False, flipHoriz=False, flipVert=False, font='', fontFiles=[], height=np.float64(0.02), italic=False, languageStyle='LTR', name='unnamed TextStim', opacity=1.0, ori=0.0, pos=array([0.575, 0.   ]), rgb=UNKNOWN, text='4', units='height', win=Window(...), wrapWidth=1)
19.5003 	EXP 	Created unnamed TextStim = TextStim(__class__=<class 'psychopy.visual.text.TextStim'>, alignHoriz=method-wrapper(...), alignText='center', alignVert=method-wrapper(...), anchorHoriz='center', anchorVert='center', antialias=True, autoDraw=False, autoLog=True, bold=True, color=array([1., 1., 1.]), colorSpace='rgb', contrast=1.0, depth=0, draggable=False, flipHoriz=False, flipVert=False, font='', fontFiles=[], height=np.float64(0.02), italic=False, languageStyle='LTR', name='unnamed TextStim', opacity=1.0, ori=0.0, pos=array([ 0.55303301, -0.05303301]), rgb=UNKNOWN, text='5', units='height', win=Window(...), wrapWidth=1)
19.5025 	EXP 	Created unnamed TextStim = TextStim(__class__=<class 'psychopy.visual.text.TextStim'>, alignHoriz=method-wrapper(...), alignText='center', alignVert=method-wrapper(...), anchorHoriz='center', anchorVert='center', antialias=True, autoDraw=False, autoLog=True, bold=True, color=array([1., 1., 1.]), colorSpace='rgb', contrast=1.0, depth=0, draggable=False, flipHoriz=False, flipVert=False, font='', fontFiles=[], height=np.float64(0.02), italic=False, languageStyle='LTR', name='unnamed TextStim', opacity=1.0, ori=0.0, pos=array([ 0.5  , -0.075]), rgb=UNKNOWN, text='6', units='height', win=Window(...), wrapWidth=1)
19.5047 	EXP 	Created unnamed TextStim = TextStim(__class__=<class 'psychopy.visual.text.TextStim'>, alignHoriz=method-wrapper(...), alignText='center', alignVert=method-wrapper(...), anchorHoriz='center', anchorVert='center', antialias=True, autoDraw=False, autoLog=True, bold=True, color=array([1., 1., 1.]), colorSpace='rgb', contrast=1.0, depth=0, draggable=False, flipHoriz=False, flipVert=False, font='', fontFiles=[], height=np.float64(0.02), italic=False, languageStyle='LTR', name='unnamed TextStim', opacity=1.0, ori=0.0, pos=array([ 0.44696699, -0.05303301]), rgb=UNKNOWN, text='7', units='height', win=Window(...), wrapWidth=1)
19.5194 	EXP 	Created start_text = TextStim(__class__=<class 'psychopy.visual.text.TextStim'>, alignHoriz=method-wrapper(...), alignText='center', alignVert=method-wrapper(...), anchorHoriz='center', anchorVert='center', antialias=True, autoDraw=False, autoLog=True, bold=False, color=array([1., 1., 1.]), colorSpace='rgb', contrast=1.0, depth=0.0, draggable=False, flipHoriz=False, flipVert=False, font='Arial', fontFiles=[], height=np.float64(0.05), italic=False, languageStyle='LTR', name='start_text', opacity=1, ori=0.0, pos=array([0., 0.]), rgb=UNKNOWN, text='Fertig - es kann losgehen!', units='height', win=Window(...), wrapWidth=1)
19.5250 	DEBUG 	TextBox2 loaded 1 chars with 0 blanks and 1 valid
19.5273 	DEBUG 	TextBox2 loaded 1 chars with 0 blanks and 1 valid
19.5294 	DEBUG 	TextBox2 loaded 1 chars with 0 blanks and 1 valid
19.5315 	DEBUG 	TextBox2 loaded 1 chars with 0 blanks and 1 valid
19.5317 	DEBUG 	Uploading Texture Font fontname to graphics card
19.5335 	DEBUG 	Upload of Texture Font fontname complete
19.5388 	DEBUG 	TextBox2 loaded 1 chars with 0 blanks and 1 valid
19.5416 	DEBUG 	TextBox2 loaded 1 chars with 0 blanks and 1 valid
19.5436 	DEBUG 	TextBox2 loaded 1 chars with 0 blanks and 1 valid
19.5440 	DEBUG 	TextBox2 loaded 1 chars with 0 blanks and 1 valid
19.5444 	DEBUG 	TextBox2 loaded 1 chars with 0 blanks and 1 valid
19.5464 	DEBUG 	TextBox2 loaded 1 chars with 0 blanks and 1 valid
19.5470 	DEBUG 	TextBox2 loaded 1 chars with 0 blanks and 1 valid
19.5481 	DEBUG 	TextBox2 loaded 1 chars with 0 blanks and 1 valid
19.5486 	DEBUG 	TextBox2 loaded 1 chars with 0 blanks and 1 valid
19.5488 	DEBUG 	Uploading Texture Font fontname to graphics card
19.5506 	DEBUG 	Upload of Texture Font fontname complete
19.5530 	EXP 	Created countdown_display = TextStim(__class__=<class 'psychopy.visual.text.TextStim'>, alignHoriz=method-wrapper(...), alignText='center', alignVert=method-wrapper(...), anchorHoriz='center', anchorVert='center', antialias=True, autoDraw=False, autoLog=True, bold=False, color=array([1., 1., 1.]), colorSpace='rgb', contrast=1.0, depth=-2.0, draggable=False, flipHoriz=False, flipVert=False, font='Arial', fontFiles=[], height=0.15, italic=False, languageStyle='LTR', name='countdown_display', opacity=1, ori=0.0, pos=array([0., 0.]), rgb=UNKNOWN, text='', units='height', win=Window(...), wrapWidth=1)
19.5542 	EXP 	Created maxforce_display = TextStim(__class__=<class 'psychopy.visual.text.TextStim'>, alignHoriz=method-wrapper(...), alignText='center', alignVert=method-wrapper(...), anchorHoriz='center', anchorVert='center', antialias=True, autoDraw=False, autoLog=True, bold=False, color=array([1., 1., 1.]), colorSpace='rgb', contrast=1.0, depth=-3.0, draggable=False, flipHoriz=False, flipVert=False, font='Courier New', fontFiles=[], height=0.04, italic=False, languageStyle='LTR', name='maxforce_display', opacity=1, ori=0.0, pos=array([0., 0.]), rgb=UNKNOWN, text='', units='height', win=Window(...), wrapWidth=1)
19.5546 	EXP 	Created mvc_display = TextStim(__class__=<class 'psychopy.visual.text.TextStim'>, alignHoriz=method-wrapper(...), alignText='center', alignVert=method-wrapper(...), anchorHoriz='center', anchorVert='center', antialias=True, autoDraw=False, autoLog=True, bold=False, color=array([-1.    , -0.2157, -1.    ]), colorSpace='rgb', contrast=1.0, depth=-1.0, draggable=False, flipHoriz=False, flipVert=False, font='Courier New', fontFiles=[], height=0.04, italic=False, languageStyle='LTR', name='mvc_display', opacity=1, ori=0.0, pos=array([0., 0.]), rgb=UNKNOWN, text='', units='height', win=Window(...), wrapWidth=1)
19.5616 	DEBUG 	TextBox2 loaded 1 chars with 0 blanks and 1 valid
19.5628 	DEBUG 	TextBox2 loaded 1 chars with 0 blanks and 1 valid
19.5640 	DEBUG 	TextBox2 loaded 1 chars with 0 blanks and 1 valid
19.5642 	DEBUG 	Uploading Texture Font fontname to graphics card
19.5660 	DEBUG 	Upload of Texture Font fontname complete
19.5707 	EXP 	Created countdown_display = TextStim(__class__=<class 'psychopy.visual.text.TextStim'>, alignHoriz=method-wrapper(...), alignText='center', alignVert=method-wrapper(...), anchorHoriz='center', anchorVert='center', antialias=True, autoDraw=False, autoLog=True, bold=False, color=array([1., 1., 1.]), colorSpace='rgb', contrast=1.0, depth=-2.0, draggable=False, flipHoriz=False, flipVert=False, font='Arial', fontFiles=[], height=0.15, italic=False, languageStyle='LTR', name='countdown_display', opacity=1, ori=0.0, pos=array([0., 0.]), rgb=UNKNOWN, text='', units='height', win=Window(...), wrapWidth=1)
19.5708 	INFO 	No device name provided. Using the first available Apparatus device: 'apparatus'
19.5708 	INFO 	No device name provided. Using the first available Apparatus device: 'apparatus'
19.5713 	EXP 	Created target_display = TextStim(__class__=<class 'psychopy.visual.text.TextStim'>, alignHoriz=method-wrapper(...), alignText='center', alignVert=method-wrapper(...), anchorHoriz='center', anchorVert='center', antialias=True, autoDraw=False, autoLog=True, bold=False, color=array([1., 1., 1.]), colorSpace='rgb', contrast=1.0, depth=-3.0, draggable=False, flipHoriz=False, flipVert=False, font='Courier New', fontFiles=[], height=0.04, italic=False, languageStyle='LTR', name='target_display', opacity=1, ori=0.0, pos=array([0., 0.]), rgb=UNKNOWN, text='', units='height', win=Window(...), wrapWidth=1)
19.5713 	INFO 	No device name provided. Using the first available Apparatus device: 'apparatus'
19.5713 	INFO 	No device name provided. Using the first available Apparatus device: 'apparatus'
19.5717 	EXP 	Created trial_display = TextStim(__class__=<class 'psychopy.visual.text.TextStim'>, alignHoriz=method-wrapper(...), alignText='center', alignVert=method-wrapper(...), anchorHoriz='center', anchorVert='center', antialias=True, autoDraw=False, autoLog=True, bold=False, color=array([1., 1., 1.]), colorSpace='rgb', contrast=1.0, depth=-4.0, draggable=False, flipHoriz=False, flipVert=False, font='Courier New', fontFiles=[], height=0.04, italic=False, languageStyle='LTR', name='trial_display', opacity=1, ori=0.0, pos=array([0., 0.]), rgb=UNKNOWN, text='', units='height', win=Window(...), wrapWidth=1)
19.5722 	EXP 	Created feedback_display = TextStim(__class__=<class 'psychopy.visual.text.TextStim'>, alignHoriz=method-wrapper(...), alignText='center', alignVert=method-wrapper(...), anchorHoriz='center', anchorVert='center', antialias=True, autoDraw=False, autoLog=True, bold=False, color=array([1., 1., 1.]), colorSpace='rgb', contrast=1.0, depth=-2.0, draggable=False, flipHoriz=False, flipVert=False, font='Courier New', fontFiles=[], height=0.04, italic=False, languageStyle='LTR', name='feedback_display', opacity=1, ori=0.0, pos=array([0., 0.]), rgb=UNKNOWN, text='', units='height', win=Window(...), wrapWidth=1)
19.6166 	DEBUG 	TextBox2 loaded 1 chars with 0 blanks and 1 valid
19.6171 	DEBUG 	Uploading Texture Font fontname to graphics card
19.6211 	DEBUG 	Upload of Texture Font fontname complete
19.6381 	DEBUG 	TextBox2 loaded 1 chars with 0 blanks and 1 valid
19.6389 	DEBUG 	Uploading Texture Font fontname to graphics card
19.6421 	DEBUG 	Upload of Texture Font fontname complete
19.6592 	DEBUG 	TextBox2 loaded 1 chars with 0 blanks and 1 valid
19.6594 	DEBUG 	Uploading Texture Font fontname to graphics card
19.6615 	DEBUG 	Upload of Texture Font fontname complete
19.6806 	DEBUG 	TextBox2 loaded 1 chars with 0 blanks and 1 valid
19.6808 	DEBUG 	Uploading Texture Font fontname to graphics card
19.6825 	DEBUG 	Upload of Texture Font fontname complete
19.7045 	DEBUG 	TextBox2 loaded 1 chars with 0 blanks and 1 valid
19.7047 	DEBUG 	Uploading Texture Font fontname to graphics card
19.7066 	DEBUG 	Upload of Texture Font fontname complete
19.7333 	DEBUG 	TextBox2 loaded 1 chars with 0 blanks and 1 valid
19.7335 	DEBUG 	Uploading Texture Font fontname to graphics card
19.7366 	DEBUG 	Upload of Texture Font fontname complete
19.7581 	DEBUG 	TextBox2 loaded 1 chars with 0 blanks and 1 valid
19.7583 	DEBUG 	Uploading Texture Font fontname to graphics card
19.7600 	DEBUG 	Upload of Texture Font fontname complete
19.7805 	DEBUG 	TextBox2 loaded 1 chars with 0 blanks and 1 valid
19.7810 	DEBUG 	Uploading Texture Font fontname to graphics card
19.7831 	DEBUG 	Upload of Texture Font fontname complete
19.8112 	DEBUG 	TextBox2 loaded 1 chars with 0 blanks and 1 valid
19.8114 	DEBUG 	Uploading Texture Font fontname to graphics card
19.8133 	DEBUG 	Upload of Texture Font fontname complete
19.8377 	DEBUG 	TextBox2 loaded 1 chars with 0 blanks and 1 valid
19.8379 	DEBUG 	Uploading Texture Font fontname to graphics card
19.8400 	DEBUG 	Upload of Texture Font fontname complete
19.8621 	DEBUG 	TextBox2 loaded 1 chars with 0 blanks and 1 valid
19.8623 	DEBUG 	Uploading Texture Font fontname to graphics card
19.8641 	DEBUG 	Upload of Texture Font fontname complete
19.9051 	EXP 	Created rating_slider = Slider(__class__=<class 'psychopy.visual.slider.Slider'>, autoDraw=False, autoLog=True, borderColor=None, color=None, colorSpace='rgb', depth=0, fillColor=None, flip=False, font='Noto Sans', granularity=1.0, labelColor=None, labelHeight=np.float64(0.05), labelWrapWidth=None, labels=(0, 1, 2, 3, 4, 5, 6, 7, 8, 9, 10), lineColor=None, markerColor=None, name='rating_slider', opacity=None, ori=0.0, pos=array([ 0. , -0.2]), readOnly=False, self=UNKNOWN, size=array([1. , 0.1]), startValue=None, style='rating', styleTweaks=[], ticks=ndarray(...), units='height', win=Window(...))
19.9060 	EXP 	Created rating_display = TextStim(__class__=<class 'psychopy.visual.text.TextStim'>, alignHoriz=method-wrapper(...), alignText='center', alignVert=method-wrapper(...), anchorHoriz='center', anchorVert='center', antialias=True, autoDraw=False, autoLog=True, bold=False, color=array([1., 1., 1.]), colorSpace='rgb', contrast=1.0, depth=-2.0, draggable=False, flipHoriz=False, flipVert=False, font='Arial', fontFiles=[], height=0.05, italic=False, languageStyle='LTR', name='rating_display', opacity=1, ori=0.0, pos=array([0., 0.]), rgb=UNKNOWN, text='', units='height', win=Window(...), wrapWidth=1)
0.0096 	EXP 	rating_slider: autoLog = True
0.0096 	EXP 	rating_slider: styleTweaks = []
0.0096 	EXP 	rating_slider: styleTweaks = []
0.0096 	EXP 	rating_slider: styleTweaks = []
0.0096 	EXP 	rating_slider: styleTweaks = []
0.0096 	EXP 	rating_slider: contrast = 1.0
0.0096 	EXP 	rating_slider: markerPos = None
0.0096 	EXP 	rating_slider: autoLog = True
0.0164 	EXP 	start_text: autoDraw = True
12.4918 	DATA 	Mouse: Left button down, pos=(1062,93)
12.4951 	DATA 	Mouse:  Left button up, pos=(1062,93)
29.2826 	DATA 	Mouse: Left button down, pos=(957,354)
29.2937 	DEBUG 	Read excel file with openpyxl: oo_mvc_type.xlsx
29.2940 	EXP 	Imported oo_mvc_type.xlsx as conditions, 2 conditions, 3 params
29.2944 	EXP 	New trial (rep=0, index=0): <Trial 0 (0 in rep 0) data={'cond_maxforce_type': 'practice', 'cond_num_maxforce': 1, 'cond_maxforce_duration': 450, 'thisN': 0, 'thisTrialN': 0, 'thisRepN': 0}>
29.2946 	EXP 	New trial (rep=0, index=0): <Trial 0 (0 in rep 0) data={'thisN': 0, 'thisTrialN': 0, 'thisRepN': 0}>
29.6174 	DATA 	Mouse:  Left button up, pos=(957,354)
29.6185 	DATA 	Mouse: Left button down, pos=(957,354)
29.6211 	EXP 	start_text: autoDraw = False
29.6211 	EXP 	countdown_display: autoDraw = True
29.7872 	DATA 	Mouse:  Left button up, pos=(957,354)
34.4926 	EXP 	countdown_display: autoDraw = False
34.4926 	EXP 	maxforce_display: alignText = 'left'
34.4926 	EXP 	maxforce_display: font = 'Courier New'
34.4926 	EXP 	maxforce_display: bold = True
34.4926 	EXP 	maxforce_display: autoDraw = True
35.1747 	INFO 	Force measurement started: 60 Hz, dynamometer 'both'
37.5015 	EXP 	maxforce_display: autoDraw = False
37.8851 	EXP 	Device response: <KeyPress from None: t=37.820494900021004, value=escape, duration=None>
37.8866 	DATA 	Keypress: escape
37.9198 	EXP 	Device response: <KeyPress from None: t=37.820494900021004, value=escape, duration=0.08807229998637922>
37.9198 	EXP 	maxForce: status = STOPPED
37.9365 	EXP 	maxForce: status = STOPPED
37.9505 	INFO 	saved data to 'C:\\Users\\Maik Bieleke\\My Drive\\Labor\\temp\\experiments\\experiment-1\\data\\201538_maxForce_2026-04-27_09h30.09.732.csv'
37.9525 	INFO 	saved data to C:\Users\Maik Bieleke\My Drive\Labor\temp\experiments\experiment-1\data\201538_maxForce_2026-04-27_09h30.09.732.psydat
39.5282 	DEBUG 	Saving data for maxForce ExperimentHandler
39.5444 	INFO 	Stopping keyboard key buffers.
